0 info it worked if it ends with ok
1 verbose cli [ 'C:\\Program Files\\nodejs\\\\node.exe',
1 verbose cli   'C:\\Program Files\\nodejs\\node_modules\\npm\\bin\\npm-cli.js',
1 verbose cli   'i',
1 verbose cli   'angular-bootstrap' ]
2 info using npm@1.4.14
3 info using node@v0.10.29
4 verbose node symlink C:\Program Files\nodejs\\node.exe
5 warn package.json Ads-Angular@1.0.0 No repository field.
6 warn package.json Ads-Angular@1.0.0 No README data
7 verbose readDependencies using package.json deps
8 verbose cache add [ 'angular-bootstrap', null ]
9 verbose cache add name=undefined spec="angular-bootstrap" args=["angular-bootstrap",null]
10 verbose parsed url { protocol: null,
10 verbose parsed url   slashes: null,
10 verbose parsed url   auth: null,
10 verbose parsed url   host: null,
10 verbose parsed url   port: null,
10 verbose parsed url   hostname: null,
10 verbose parsed url   hash: null,
10 verbose parsed url   search: null,
10 verbose parsed url   query: null,
10 verbose parsed url   pathname: 'angular-bootstrap',
10 verbose parsed url   path: 'angular-bootstrap',
10 verbose parsed url   href: 'angular-bootstrap' }
11 silly lockFile 75c42a0c-angular-bootstrap angular-bootstrap
12 verbose lock angular-bootstrap C:\Users\Evgeni\AppData\Roaming\npm-cache\75c42a0c-angular-bootstrap.lock
13 silly lockFile 75c42a0c-angular-bootstrap angular-bootstrap
14 silly lockFile 75c42a0c-angular-bootstrap angular-bootstrap
15 verbose addNamed [ 'angular-bootstrap', '' ]
16 verbose addNamed [ null, '*' ]
17 silly lockFile eebb98d0-angular-bootstrap angular-bootstrap@
18 verbose lock angular-bootstrap@ C:\Users\Evgeni\AppData\Roaming\npm-cache\eebb98d0-angular-bootstrap.lock
19 silly addNameRange { name: 'angular-bootstrap', range: '*', hasData: false }
20 verbose url raw angular-bootstrap
21 verbose url resolving [ 'https://registry.npmjs.org/', './angular-bootstrap' ]
22 verbose url resolved https://registry.npmjs.org/angular-bootstrap
23 info trying registry request attempt 1 at 12:35:48
24 http GET https://registry.npmjs.org/angular-bootstrap
25 http 404 https://registry.npmjs.org/angular-bootstrap
26 silly registry.get cb [ 404,
26 silly registry.get   { date: 'Sun, 11 Jan 2015 10:35:45 GMT',
26 silly registry.get     server: 'CouchDB/1.5.0 (Erlang OTP/R16B03)',
26 silly registry.get     etag: '"75A5CM87ZDKXM40LKQ87286R9"',
26 silly registry.get     'content-type': 'application/json',
26 silly registry.get     'cache-control': 'max-age=0',
26 silly registry.get     'content-length': '715',
26 silly registry.get     'accept-ranges': 'bytes',
26 silly registry.get     via: '1.1 varnish',
26 silly registry.get     age: '0',
26 silly registry.get     'x-served-by': 'cache-fra1237-FRA',
26 silly registry.get     'x-cache': 'MISS',
26 silly registry.get     'x-cache-hits': '0',
26 silly registry.get     'x-timer': 'S1420972544.819145,VS0,VE427',
26 silly registry.get     vary: 'Accept',
26 silly registry.get     'keep-alive': 'timeout=10, max=50',
26 silly registry.get     connection: 'Keep-Alive' } ]
27 silly lockFile eebb98d0-angular-bootstrap angular-bootstrap@
28 silly lockFile eebb98d0-angular-bootstrap angular-bootstrap@
29 error 404 Not Found
29 error 404
29 error 404 'angular-bootstrap' is not in the npm registry.
29 error 404 You should bug the author to publish it
29 error 404 It was specified as a dependency of 'Ads-Angular'
29 error 404
29 error 404 Note that you can also install from a
29 error 404 tarball, folder, or http url, or git url.
30 error System Windows_NT 6.1.7601
31 error command "C:\\Program Files\\nodejs\\\\node.exe" "C:\\Program Files\\nodejs\\node_modules\\npm\\bin\\npm-cli.js" "i" "angular-bootstrap"
32 error cwd D:\xampp\htdocs\ang
33 error node -v v0.10.29
34 error npm -v 1.4.14
35 error code E404
36 verbose exit [ 1, true ]
